    1  wget https://s3.amazonaws.com/amazon-reviews-pds/tsv/amazon_reviews_us_Books_v1_02.tsv.gz
    2  https://s3.amazonaws.com/amazon-reviews-pds/tsv/amazon_reviews_us_Books_v1_02.tsv.gz
    3  history>cmds.log
    4  git init
    5  touch cmds.log
    6  ls
    7  git status
    8  git add <cmds.log>
    9  git add <cmds>
   10  git add<cmds>
   11  git status
   12  git add <.bashrc>
   13  git add <log>
   14  git add -n
   15  git add <file> cmds.log
   16  git status
   17  git add <file> cmds
   18  wget https://s3.amazonaws.com/amazon-reviews-pds/tsv/amazon_reviews_us_Books_v1_02.tsv.gz
   19  history > cmds.log
   20  git init
   21  git remote add origin https://github.com/frank13744/ws1.git
   22  touch cmds.log
   23  ls
   24  git status
   25  git add <file> cmds.log
   26  git status
   27  git add cmds.log
   28  git status
   29  git commit -m "this is my first commit!"
   30  git config --global user.email "frankcai13@gmail.com"
   31  git config --global user.name "Frank Cai"
   32  git commit -m "This is my first commit!"
   33  git push -u origin master
   34  who am i
   35  ls
   36  git status
   37  history > cmds.log
   38  git status
   39  git add cmds.log
   40  git status
   41  git commit -m "commit of worksheet 1"
   42  git remote add origin https://github.com/frank13744/ws1.git
   43  git push -u origin master
   44  git status
   45  git branch
   46  git checkout -b branch1
   47  git branch
   48  git push origin branch1
   49  git branch
   50  git add cmds.log
   51  git status
   52  git commit -m "commit of branch1"
   53  git status
   54  git pull
   55  git pull origin master
   56  history > cmds.log
   57  git status
   58  git branch
   59  git commit -m "commit of branch1"
   60  git push origin branch1
   61  git push -u origin master
   62  history > cmds2.log
